<?xml version="1.0" encoding="UTF-8"?>
<testng-results ignored="0" total="1" passed="1" failed="0" skipped="0">
  <reporter-output>
  </reporter-output>
  <suite started-at="2018-11-20T05:45:31Z" name="Default suite" finished-at="2018-11-20T05:45:57Z" duration-ms="26267">
    <groups>
      <group name="cucumber">
        <method signature="TestRunner.feature(cucumber.api.testng.CucumberFeatureWrapper)[pri:0, instance:com.crm.testRunner.TestRunner@306cf3ea]" name="feature" class="com.crm.testRunner.TestRunner"/>
      </group> <!-- cucumber -->
    </groups>
    <test started-at="2018-11-20T05:45:31Z" name="Default test" finished-at="2018-11-20T05:45:57Z" duration-ms="26267">
      <class name="com.crm.testRunner.TestRunner">
        <test-method is-config="true" signature="setUpClass()[pri:0, instance:com.crm.testRunner.TestRunner@306cf3ea]" started-at="2018-11-20T05:45:31Z" name="setUpClass" finished-at="2018-11-20T05:45:31Z" duration-ms="240" status="PASS">
          <reporter-output>
          </reporter-output>
        </test-method> <!-- setUpClass -->
        <test-method signature="feature(cucumber.api.testng.CucumberFeatureWrapper)[pri:0, instance:com.crm.testRunner.TestRunner@306cf3ea]" started-at="2018-11-20T05:45:31Z" name="feature" description="Run cucumber features" data-provider="features" finished-at="2018-11-20T05:45:57Z" duration-ms="25903" status="PASS">
          <params>
            <param index="0">
              <value>
                <![CDATA[FreeCRM Login feature]]>
              </value>
            </param>
          </params>
          <reporter-output>
          </reporter-output>
        </test-method> <!-- feature -->
        <test-method is-config="true" signature="tearDown()[pri:0, instance:com.crm.testRunner.TestRunner@306cf3ea]" started-at="2018-11-20T05:45:57Z" name="tearDown" finished-at="2018-11-20T05:45:57Z" duration-ms="19" status="PASS">
          <reporter-output>
          </reporter-output>
        </test-method> <!-- tearDown -->
      </class> <!-- com.crm.testRunner.TestRunner -->
    </test> <!-- Default test -->
  </suite> <!-- Default suite -->
</testng-results>
